Using pre-set license
Built from '2020.3/staging' branch; Version is '2020.3.24f1 (79c78de19888) revision 7980941'; Using compiler version '192528614'; Build Type 'Release'
OS: 'Windows 10  (10.0.19044) 64bit EducationN' Language: 'en' Physical Memory: 16085 MB
BatchMode: 1, IsHumanControllingUs: 0, StartBugReporterOnCrash: 0, Is64bit: 1, IsPro: 0

COMMAND LINE ARGUMENTS:
C:\Program Files\Unity\Hub\Editor\2020.3.24f1\Editor\Unity.exe
-adb2
-batchMode
-noUpm
-name
AssetImportWorker0
-projectPath
F:/unity/ManaSoupGameJam
-logFile
Logs/AssetImportWorker0.log
-srvPort
1051
Successfully changed project path to: F:/unity/ManaSoupGameJam
F:/unity/ManaSoupGameJam
Using Asset Import Pipeline V2.
Refreshing native plugins compatible for Editor in 128.33 ms, found 2 plugins.
Preloading 0 native plugins for Editor in 0.00 ms.
Initialize engine version: 2020.3.24f1 (79c78de19888)
[Subsystems] Discovering subsystems at path C:/Program Files/Unity/Hub/Editor/2020.3.24f1/Editor/Data/Resources/UnitySubsystems
[Subsystems] Discovering subsystems at path F:/unity/ManaSoupGameJam/Assets
GfxDevice: creating device client; threaded=0
Direct3D:
    Version:  Direct3D 11.0 [level 11.1]
    Renderer: NVIDIA GeForce GTX 1070 (ID=0x1b81)
    Vendor:   
    VRAM:     8088 MB
    Driver:   27.21.14.5671
Initialize mono
Mono path[0] = 'C:/Program Files/Unity/Hub/Editor/2020.3.24f1/Editor/Data/Managed'
Mono path[1] = 'C:/Program Files/Unity/Hub/Editor/2020.3.24f1/Editor/Data/MonoBleedingEdge/lib/mono/unityjit'
Mono config path = 'C:/Program Files/Unity/Hub/Editor/2020.3.24f1/Editor/Data/MonoBleedingEdge/etc'
Using monoOptions --debugger-agent=transport=dt_socket,embedding=1,server=y,suspend=n,address=127.0.0.1:56316
Begin MonoManager ReloadAssembly
Registering precompiled unity dll's ...
Register platform support module: C:/Program Files/Unity/Hub/Editor/2020.3.24f1/Editor/Data/PlaybackEngines/WindowsStandaloneSupport/UnityEditor.WindowsStandalone.Extensions.dll
Registered in 0.003399 seconds.
Native extension for WindowsStandalone target not found
Refreshing native plugins compatible for Editor in 167.31 ms, found 2 plugins.
Preloading 0 native plugins for Editor in 0.00 ms.
Mono: successfully reloaded assembly
- Completed reload, in  0.915 seconds
Domain Reload Profiling:
	ReloadAssembly (915ms)
		BeginReloadAssembly (71ms)
			ExecutionOrderSort (0ms)
			DisableScriptedObjects (0ms)
			BackupInstance (0ms)
			ReleaseScriptingObjects (0ms)
			CreateAndSetChildDomain (2ms)
		EndReloadAssembly (753ms)
			LoadAssemblies (67ms)
			RebuildTransferFunctionScriptingTraits (0ms)
			SetupTypeCache (198ms)
			ReleaseScriptCaches (0ms)
			RebuildScriptCaches (43ms)
			SetupLoadedEditorAssemblies (374ms)
				LogAssemblyErrors (0ms)
				InitializePlatformSupportModulesInManaged (6ms)
				SetLoadedEditorAssemblies (0ms)
				RefreshPlugins (167ms)
				BeforeProcessingInitializeOnLoad (33ms)
				ProcessInitializeOnLoadAttributes (131ms)
				ProcessInitializeOnLoadMethodAttributes (35ms)
				AfterProcessingInitializeOnLoad (0ms)
				EditorAssembliesLoaded (0ms)
			ExecutionOrderSort2 (0ms)
			AwakeInstancesAfterBackupRestoration (0ms)
Platform modules already initialized, skipping
Registering precompiled user dll's ...
Registered in 0.004599 seconds.
Begin MonoManager ReloadAssembly
Native extension for WindowsStandalone target not found
Refreshing native plugins compatible for Editor in 143.01 ms, found 2 plugins.
Preloading 0 native plugins for Editor in 0.00 ms.
Mono: successfully reloaded assembly
- Completed reload, in  3.485 seconds
Domain Reload Profiling:
	ReloadAssembly (3486ms)
		BeginReloadAssembly (376ms)
			ExecutionOrderSort (0ms)
			DisableScriptedObjects (7ms)
			BackupInstance (0ms)
			ReleaseScriptingObjects (0ms)
			CreateAndSetChildDomain (60ms)
		EndReloadAssembly (2963ms)
			LoadAssemblies (288ms)
			RebuildTransferFunctionScriptingTraits (0ms)
			SetupTypeCache (1416ms)
			ReleaseScriptCaches (1ms)
			RebuildScriptCaches (154ms)
			SetupLoadedEditorAssemblies (963ms)
				LogAssemblyErrors (0ms)
				InitializePlatformSupportModulesInManaged (5ms)
				SetLoadedEditorAssemblies (0ms)
				RefreshPlugins (143ms)
				BeforeProcessingInitializeOnLoad (154ms)
				ProcessInitializeOnLoadAttributes (420ms)
				ProcessInitializeOnLoadMethodAttributes (228ms)
				AfterProcessingInitializeOnLoad (11ms)
				EditorAssembliesLoaded (0ms)
			ExecutionOrderSort2 (0ms)
			AwakeInstancesAfterBackupRestoration (8ms)
Platform modules already initialized, skipping
========================================================================
Worker process is ready to serve import requests
Launched and connected shader compiler UnityShaderCompiler.exe after 0.12 seconds
Refreshing native plugins compatible for Editor in 1.87 ms, found 2 plugins.
Preloading 0 native plugins for Editor in 0.00 ms.
Unloading 4032 Unused Serialized files (Serialized files now loaded: 0)
System memory in use before: 192.0 MB.
System memory in use after: 192.2 MB.

Unloading 21 unused Assets to reduce memory usage. Loaded Objects now: 4479.
Total: 106.240200 ms (FindLiveObjects: 4.462200 ms CreateObjectMapping: 59.828300 ms MarkObjects: 41.540000 ms  DeleteObjects: 0.403900 ms)

AssetImportParameters requested are different than current active one (requested -> active):
  custom:framework-win-MediaFoundation: 216162199b28c13a410421893ffa2e32 -> 
  custom:video-decoder-ogg-theora: a1e56fd34408186e4bbccfd4996cb3dc -> 
  custom:container-muxer-webm: aa71ff27fc2769a1b78a27578f13a17b -> 
  custom:container-demuxer-webm: 4f35f7cbe854078d1ac9338744f61a02 -> 
  custom:container-demuxer-ogg: 62fdf1f143b41e24485cea50d1cbac27 -> 
  custom:video-encoder-webm-vp8: eb34c28f22e8b96e1ab97ce403110664 -> 
  custom:video-decoder-webm-vp8: 9c59270c3fd7afecdb556c50c9e8de78 -> 
  custom:audio-decoder-ogg-vorbis: bf7c407c2cedff20999df2af8eb42d56 -> 
  custom:audio-encoder-webm-vorbis: bf7c407c2cedff20999df2af8eb42d56 -> 
========================================================================
Received Import Request.
  path: Assets/Pfeil.png
  artifactKey: Guid(4e407d19e2734994fabbd3da2c713804) Importer(815301076,1909f56bfc062723c751e8b465ee728b)
Start importing Assets/Pfeil.png using Guid(4e407d19e2734994fabbd3da2c713804) Importer(815301076,1909f56bfc062723c751e8b465ee728b)  -> (artifact id: 'a21cd8efaae7fc76a9d705cdbc4ad381') in 1.461859 seconds 
  Import took 1.513156 seconds .

========================================================================
Received Import Request.
  Time since last request: 0.000747 seconds.
  path: Assets/fireball_fx.prefab
  artifactKey: Guid(5cf2e2855040acb489b5a334d5e1b17d) Importer(815301076,1909f56bfc062723c751e8b465ee728b)
Start importing Assets/fireball_fx.prefab using Guid(5cf2e2855040acb489b5a334d5e1b17d) Importer(815301076,1909f56bfc062723c751e8b465ee728b) Failed to get ipc connection from UnityShaderCompiler.exe shader compiler! C:/Program Files/Unity/Hub/Editor/2020.3.24f1/Editor/Data/Tools/UnityShaderCompiler.exe
Launched and connected shader compiler UnityShaderCompiler.exe after 0.92 seconds
Launched and connected shader compiler UnityShaderCompiler.exe after 0.17 seconds
Launched and connected shader compiler UnityShaderCompiler.exe after 0.30 seconds
Launched and connected shader compiler UnityShaderCompiler.exe after 0.31 seconds
Launched and connected shader compiler UnityShaderCompiler.exe after 1.82 seconds
Launched and connected shader compiler UnityShaderCompiler.exe after 1.74 seconds
Launched and connected shader compiler UnityShaderCompiler.exe after 1.35 seconds
 -> (artifact id: '725768f4d963a2e23a1bba11e4d06376') in 69.896314 seconds 
  Import took 69.914564 seconds .

========================================================================
Received Prepare
Refreshing native plugins compatible for Editor in 6.28 ms, found 2 plugins.
Preloading 0 native plugins for Editor in 0.00 ms.
Unloading 13 Unused Serialized files (Serialized files now loaded: 0)
System memory in use before: 111.7 MB.
System memory in use after: 112.0 MB.

Unloading 13 unused Assets to reduce memory usage. Loaded Objects now: 4802.
Total: 11.032500 ms (FindLiveObjects: 0.880900 ms CreateObjectMapping: 0.561500 ms MarkObjects: 9.554600 ms  DeleteObjects: 0.033100 ms)

AssetImportParameters requested are different than current active one (requested -> active):
  custom:framework-win-MediaFoundation: 216162199b28c13a410421893ffa2e32 -> 
  custom:video-decoder-ogg-theora: a1e56fd34408186e4bbccfd4996cb3dc -> 
  custom:container-muxer-webm: aa71ff27fc2769a1b78a27578f13a17b -> 
  custom:container-demuxer-webm: 4f35f7cbe854078d1ac9338744f61a02 -> 
  custom:container-demuxer-ogg: 62fdf1f143b41e24485cea50d1cbac27 -> 
  custom:video-encoder-webm-vp8: eb34c28f22e8b96e1ab97ce403110664 -> 
  custom:video-decoder-webm-vp8: 9c59270c3fd7afecdb556c50c9e8de78 -> 
  custom:audio-decoder-ogg-vorbis: bf7c407c2cedff20999df2af8eb42d56 -> 
  custom:audio-encoder-webm-vorbis: bf7c407c2cedff20999df2af8eb42d56 -> 
========================================================================
Received Import Request.
  Time since last request: 0.422766 seconds.
  path: Assets/fireball_fx.prefab
  artifactKey: Guid(5cf2e2855040acb489b5a334d5e1b17d) Importer(815301076,1909f56bfc062723c751e8b465ee728b)
Start importing Assets/fireball_fx.prefab using Guid(5cf2e2855040acb489b5a334d5e1b17d) Importer(815301076,1909f56bfc062723c751e8b465ee728b)  -> (artifact id: '725768f4d963a2e23a1bba11e4d06376') in 0.054215 seconds 
  Import took 0.067415 seconds .

========================================================================
Received Import Request.
  Time since last request: 0.000343 seconds.
  path: Assets/brotkrumen.prefab
  artifactKey: Guid(dd6d93ee3742a084a87b9e6bbc80a05c) Importer(815301076,1909f56bfc062723c751e8b465ee728b)
Start importing Assets/brotkrumen.prefab using Guid(dd6d93ee3742a084a87b9e6bbc80a05c) Importer(815301076,1909f56bfc062723c751e8b465ee728b)  -> (artifact id: '9b97a2c104902bab5f1c275c34ea50ff') in 1.120051 seconds 
  Import took 1.133984 seconds .

========================================================================
Received Import Request.
  Time since last request: 0.000401 seconds.
  path: Assets/witch_path.prefab
  artifactKey: Guid(7cc1a3b7efa50444eb6f8d4f06d31452) Importer(815301076,1909f56bfc062723c751e8b465ee728b)
Start importing Assets/witch_path.prefab using Guid(7cc1a3b7efa50444eb6f8d4f06d31452) Importer(815301076,1909f56bfc062723c751e8b465ee728b)  -> (artifact id: 'd4a253f21f2132244b8be933bf72c96b') in 0.020946 seconds 
  Import took 0.034206 seconds .

========================================================================
Received Import Request.
  Time since last request: 0.000542 seconds.
  path: Assets/projectile.fbx
  artifactKey: Guid(5bc3dd54abf11ae4d94cb1d6d4c15723) Importer(815301076,1909f56bfc062723c751e8b465ee728b)
Start importing Assets/projectile.fbx using Guid(5bc3dd54abf11ae4d94cb1d6d4c15723) Importer(815301076,1909f56bfc062723c751e8b465ee728b)  -> (artifact id: 'c26c5ade333b060f82043635c4952f77') in 0.612383 seconds 
  Import took 0.626899 seconds .

========================================================================
Received Import Request.
  Time since last request: 0.000371 seconds.
  path: Assets/Zucker_Stangen.jpg
  artifactKey: Guid(56f7b1c59dfa40640b07d16b864a1d41) Importer(815301076,1909f56bfc062723c751e8b465ee728b)
Start importing Assets/Zucker_Stangen.jpg using Guid(56f7b1c59dfa40640b07d16b864a1d41) Importer(815301076,1909f56bfc062723c751e8b465ee728b)  -> (artifact id: '72e7daeaadf579fc7522bc1003d6f791') in 0.026212 seconds 
  Import took 0.041820 seconds .

========================================================================
Received Import Request.
  Time since last request: 0.000353 seconds.
  path: Assets/auge.png
  artifactKey: Guid(3338dad1dcccf3146bae293e6ddbc321) Importer(815301076,1909f56bfc062723c751e8b465ee728b)
Start importing Assets/auge.png using Guid(3338dad1dcccf3146bae293e6ddbc321) Importer(815301076,1909f56bfc062723c751e8b465ee728b)  -> (artifact id: '4ecd72b09cd018be277dcf111f92f890') in 0.022648 seconds 
  Import took 0.038359 seconds .

========================================================================
Received Import Request.
  Time since last request: 0.000359 seconds.
  path: Assets/brotkrumen.fbx
  artifactKey: Guid(02c302b64ba4b1d449f1ac040cb09ecb) Importer(815301076,1909f56bfc062723c751e8b465ee728b)
Start importing Assets/brotkrumen.fbx using Guid(02c302b64ba4b1d449f1ac040cb09ecb) Importer(815301076,1909f56bfc062723c751e8b465ee728b)  -> (artifact id: '83139f8aa287bf34beb66167505bdbb7') in 0.224388 seconds 
  Import took 0.239400 seconds .

========================================================================
Received Import Request.
  Time since last request: 0.000473 seconds.
  path: Assets/WolfTrigger.prefab
  artifactKey: Guid(75419a5aa5b47f040bde72afd56c85b9) Importer(815301076,1909f56bfc062723c751e8b465ee728b)
Start importing Assets/WolfTrigger.prefab using Guid(75419a5aa5b47f040bde72afd56c85b9) Importer(815301076,1909f56bfc062723c751e8b465ee728b)  -> (artifact id: '79686c734a5f5a55dd0ae0d8a57f2240') in 0.017073 seconds 
  Import took 0.029357 seconds .

========================================================================
Received Import Request.
  Time since last request: 0.000316 seconds.
  path: Assets/New Material.mat
  artifactKey: Guid(8d340a73a303904449be7e39e493706c) Importer(815301076,1909f56bfc062723c751e8b465ee728b)
Start importing Assets/New Material.mat using Guid(8d340a73a303904449be7e39e493706c) Importer(815301076,1909f56bfc062723c751e8b465ee728b)  -> (artifact id: '64961b2ad8bfadfe1c68abd975eb56b7') in 0.081596 seconds 
  Import took 0.098795 seconds .

========================================================================
Received Import Request.
  Time since last request: 127.962108 seconds.
  path: Assets/Scenes/Level01.unity
  artifactKey: Guid(6fed7026c71cac543bacbf59701235a8) Importer(815301076,1909f56bfc062723c751e8b465ee728b)
Start importing Assets/Scenes/Level01.unity using Guid(6fed7026c71cac543bacbf59701235a8) Importer(815301076,1909f56bfc062723c751e8b465ee728b)  -> (artifact id: 'de6dcf7e35b5d05bba2f823f4bad890a') in 0.009314 seconds 
  Import took 0.019478 seconds .

========================================================================
Received Prepare
Registering precompiled user dll's ...
Registered in 0.005454 seconds.
Begin MonoManager ReloadAssembly
Native extension for WindowsStandalone target not found
Refreshing native plugins compatible for Editor in 1.60 ms, found 2 plugins.
Preloading 0 native plugins for Editor in 0.00 ms.
Mono: successfully reloaded assembly
- Completed reload, in  1.785 seconds
Domain Reload Profiling:
	ReloadAssembly (1786ms)
		BeginReloadAssembly (228ms)
			ExecutionOrderSort (0ms)
			DisableScriptedObjects (46ms)
			BackupInstance (0ms)
			ReleaseScriptingObjects (0ms)
			CreateAndSetChildDomain (62ms)
		EndReloadAssembly (1485ms)
			LoadAssemblies (102ms)
			RebuildTransferFunctionScriptingTraits (0ms)
			SetupTypeCache (422ms)
			ReleaseScriptCaches (2ms)
			RebuildScriptCaches (111ms)
			SetupLoadedEditorAssemblies (497ms)
				LogAssemblyErrors (0ms)
				InitializePlatformSupportModulesInManaged (5ms)
				SetLoadedEditorAssemblies (1ms)
				RefreshPlugins (2ms)
				BeforeProcessingInitializeOnLoad (121ms)
				ProcessInitializeOnLoadAttributes (348ms)
				ProcessInitializeOnLoadMethodAttributes (14ms)
				AfterProcessingInitializeOnLoad (6ms)
				EditorAssembliesLoaded (0ms)
			ExecutionOrderSort2 (0ms)
			AwakeInstancesAfterBackupRestoration (21ms)
Platform modules already initialized, skipping
Refreshing native plugins compatible for Editor in 1.18 ms, found 2 plugins.
Preloading 0 native plugins for Editor in 0.00 ms.
Unloading 3743 Unused Serialized files (Serialized files now loaded: 0)
System memory in use before: 191.5 MB.
System memory in use after: 191.8 MB.

Unloading 16 unused Assets to reduce memory usage. Loaded Objects now: 4658.
Total: 4.643700 ms (FindLiveObjects: 0.426300 ms CreateObjectMapping: 0.205300 ms MarkObjects: 3.988600 ms  DeleteObjects: 0.022400 ms)

AssetImportParameters requested are different than current active one (requested -> active):
  custom:framework-win-MediaFoundation: 216162199b28c13a410421893ffa2e32 -> 
  custom:video-decoder-ogg-theora: a1e56fd34408186e4bbccfd4996cb3dc -> 
  custom:container-muxer-webm: aa71ff27fc2769a1b78a27578f13a17b -> 
  custom:container-demuxer-webm: 4f35f7cbe854078d1ac9338744f61a02 -> 
  custom:container-demuxer-ogg: 62fdf1f143b41e24485cea50d1cbac27 -> 
  custom:video-encoder-webm-vp8: eb34c28f22e8b96e1ab97ce403110664 -> 
  custom:video-decoder-webm-vp8: 9c59270c3fd7afecdb556c50c9e8de78 -> 
  custom:audio-decoder-ogg-vorbis: bf7c407c2cedff20999df2af8eb42d56 -> 
  custom:audio-encoder-webm-vorbis: bf7c407c2cedff20999df2af8eb42d56 -> 
AssetImportWorkerClient::OnTransportError - code=2 error=End of file
